<?xml version="1.0" encoding="UTF-8"?>
<testng-results skipped="0" failed="0" ignored="0" total="1" passed="1">
  <reporter-output>
  </reporter-output>
  <suite name="Default suite" duration-ms="38561" started-at="2020-03-01T22:41:22 IST" finished-at="2020-03-01T22:42:01 IST">
    <groups>
    </groups>
    <test name="Default test" duration-ms="38561" started-at="2020-03-01T22:41:22 IST" finished-at="2020-03-01T22:42:01 IST">
      <class name="com.testcases.LoginPageTest">
        <test-method status="PASS" signature="launch()[pri:0, instance:com.testcases.LoginPageTest@3701eaf6]" name="launch" is-config="true" duration-ms="36183" started-at="2020-03-01T22:41:22 IST" finished-at="2020-03-01T22:41:58 IST">
          <reporter-output>
          </reporter-output>
        </test-method> <!-- launch -->
        <test-method status="PASS" signature="detailsEnter()[pri:0, instance:com.testcases.LoginPageTest@3701eaf6]" name="detailsEnter" duration-ms="1596" started-at="2020-03-01T22:41:58 IST" finished-at="2020-03-01T22:42:00 IST">
          <reporter-output>
          </reporter-output>
        </test-method> <!-- detailsEnter -->
        <test-method status="PASS" signature="tearDown()[pri:0, instance:com.testcases.LoginPageTest@3701eaf6]" name="tearDown" is-config="true" duration-ms="727" started-at="2020-03-01T22:42:00 IST" finished-at="2020-03-01T22:42:01 IST">
          <reporter-output>
          </reporter-output>
        </test-method> <!-- tearDown -->
      </class> <!-- com.testcases.LoginPageTest -->
    </test> <!-- Default test -->
  </suite> <!-- Default suite -->
</testng-results>
